2019-03-21 09:32:49,330 - INFO -parse_excel.py : 23 :__init__ - 用例路径：E:\project\newapi\cases\case_examlpe.xlsx
2019-03-21 09:32:49,553 - INFO -main.py : 80 :bind_key - 绑定钥匙成功
2019-03-21 09:32:49,554 - INFO -main.py : 416 :before_test - 本次测试共执行1条用例
2019-03-21 09:32:49,564 - INFO -main.py : 496 :begin_test - 正在执行caseId为3的用例
2019-03-21 09:32:49,564 - INFO -main.py : 329 :__excute_case - 当前接口headers信息为{'cookie': 'DIS4=d38a08a07a024378ba640d5124425bdc;ln=1;lu=51230182'}
2019-03-21 09:32:49,565 - INFO -main.py : 330 :__excute_case - 当前用户uid:%s,session:%s
2019-03-21 09:32:49,854 - INFO -main.py : 529 :begin_test - caseId为3的用例完毕
2019-03-21 09:32:49,860 - INFO -main.py : 470 :after_test - 本次测试执行完毕，本次测试环境为：fp01，共耗时0.52秒，共执行用例：1条，成功：0条，失败：1条，阻塞：0条
2019-03-21 09:32:49,863 - INFO -report.py : 152 :get_report - 正在写入用例执行情况
2019-03-21 09:35:35,722 - INFO -parse_excel.py : 23 :__init__ - 用例路径：E:\project\newapi\cases\case_examlpe.xlsx
2019-03-21 09:35:35,891 - INFO -main.py : 80 :bind_key - 绑定钥匙成功
2019-03-21 09:35:35,891 - INFO -main.py : 416 :before_test - 本次测试共执行1条用例
2019-03-21 09:35:35,895 - INFO -main.py : 496 :begin_test - 正在执行caseId为3的用例
2019-03-21 09:35:35,896 - INFO -main.py : 329 :__excute_case - 当前接口headers信息为{'cookie': 'DIS4=d38a08a07a024378ba640d5124425bdc;ln=1;lu=51230182'}
2019-03-21 09:35:35,896 - INFO -main.py : 330 :__excute_case - 当前用户uid:%s,session:%s
2019-03-21 09:35:36,095 - INFO -main.py : 529 :begin_test - caseId为3的用例完毕
2019-03-21 09:35:36,095 - ERROR -sqls.py : 119 :insert_data - sql语句错误---->INSERT INTO testresult SET  method='GET', caseId=3, caseDescribe='sss', apiHost='/s4/lite.subtask.list', apiParams=Null, expect='{"payload.tasks": "id=(249166,249161,249159)"}', ispass='block', reason='id字段预期的值不在返回结果集中，预期id=['249166', '249161', '249159']，实际id=[249166, 249161, 249158]', time='2019/03/21 09:35:35', fact='{"err_code": 0, "err_msg": "", "messages": [], "payload": {"bonus_task_right": 0, "bonus_tasks": {}, "coupon_number": 0, "credit_task_id": 0, "downloaded_tasks": [], "easy": [], "easy_incoming": [], "eggs_task_status": 0, "explore_task_info": {"date_str": "明天", "icons": [], "total": 0, "total_reward": 0}, "finsh_easy_limit_times": 0, "finsh_task_limit_times": 0, "games": null, "has_success_convert": 0, "in_compare": {"incoming": 0, "newbie": 0, "tasks": 0}, "incoming": [], "is_jail_broken": 0, "is_reservation": 1, "kagou_link": "", "missed_reward": 0, "newbie": [], "promotions": [], "reservation_tasks": [], "shoutu_v5_9_open": 1, "show_borrow": 0, "show_often_look": 0, "show_push": 0, "show_recommends": 0, "tasks": [{"appstore_cost": "0.00", "bid": "com.yunshi.xiekangzonghezhishuiappstore", "icon": "https://upload.qkcdn.com/7f22a07738dfd6350f33835b6d9c904c.jpg", "id": 249166, "is_quality": 0, "qty": 743, "reward": "1.50", "status": 1, "status_for_order": 2, "tags": ["剩743份"], "title": "综***", "type": 1, "zs_reward": "0.00"}, {"appstore_cost": "0.00", "bid": "com.nbglsoft.lwol", "icon": "https://upload.qkcdn.com/b6ddf7e141e83b7b71bb2ea25c691791.jpg", "id": 249161, "is_quality": 0, "qty": 52, "reward": "1.50", "status": 1, "status_for_order": 2, "tags": ["剩52份"], "title": "攻***", "type": 1, "zs_reward": "0.00"}, {"appstore_cost": "0.00", "bid": "com.jot.LingQianXiangJie", "icon": "https://upload.qkcdn.com/10b53d3c3a83ac4c9d0a2552651a11e6.jpg", "id": 249158, "is_quality": 0, "qty": 576, "reward": "1.50", "status": 1, "status_for_order": 2, "tags": ["剩576份"], "title": "灵***", "type": 1, "zs_reward": "0.00"}], "type": "normal", "weishang_url": "", "xing_shoutu_switch": 0, "yl_huan_info": {"miniprogram_type": 1, "path": "/pages/index%3Fqk_uid%3D51230182%26source%3Dqk%26sign%3D2A305A3DC8", "username": "gh_3cf20e1090fe", "wx_app_id": ""}, "zs_task_info": {"date_str": "", "icons": [], "total": 0, "total_reward": 0}}}', databaseResult=Null, databaseExpect=Null,(1064, "You have an error in your SQL syntax; check the manual that corresponds to your MySQL server version for the right syntax to use near '249166', '249161', '249159']，实际id=[249166, 249161, 249158]', time='2019/03' at line 1")
2019-03-21 09:35:36,096 - INFO -main.py : 470 :after_test - 本次测试执行完毕，本次测试环境为：fp01，共耗时0.37秒，共执行用例：0条，成功：0条，失败：0条，阻塞：0条
2019-03-21 09:35:36,097 - INFO -report.py : 152 :get_report - 正在写入用例执行情况
2019-03-21 09:40:17,266 - INFO -parse_excel.py : 23 :__init__ - 用例路径：E:\project\newapi\cases\case_examlpe.xlsx
2019-03-21 09:40:17,410 - INFO -main.py : 80 :bind_key - 绑定钥匙成功
2019-03-21 09:40:17,410 - INFO -main.py : 416 :before_test - 本次测试共执行1条用例
2019-03-21 09:40:17,413 - ERROR -sqls.py : 119 :insert_data - sql语句错误---->INSERT INTO apiinfo SET  apiId=2, apiHost="/s5/dashboard", method="GET", apiParams="{"err_code": "${err_code}"}", apiHeaders=Null, relatedApi="/s5/create_user", relatedParams=Null,(1064, 'You have an error in your SQL syntax; check the manual that corresponds to your MySQL server version for the right syntax to use near \'err_code": "${err_code}"}", apiHeaders=Null, relatedApi="/s5/create_user", relat\' at line 1')
2019-03-21 09:40:17,416 - ERROR -sqls.py : 119 :insert_data - sql语句错误---->INSERT INTO testcase SET  caseId=3, apiId=3, caseDescribe="sss", apiHost="/s4/lite.subtask.list", apiParams=Null, apiHeaders=Null, method="GET", relatedApi=Null, relatedParams=Null, expect="{"payload.tasks": "id=(249166,249161,249159)"}", sqlStatement=Null, databaseExpect=Null,(1064, 'You have an error in your SQL syntax; check the manual that corresponds to your MySQL server version for the right syntax to use near \'payload.tasks": "id=(249166,249161,249159)"}", sqlStatement=Null, databaseExpect\' at line 1')
2019-03-21 09:40:17,417 - INFO -main.py : 496 :begin_test - 正在执行caseId为3的用例
2019-03-21 09:40:17,418 - INFO -main.py : 329 :__excute_case - 当前接口headers信息为{'cookie': 'DIS4=d38a08a07a024378ba640d5124425bdc;ln=1;lu=51230182'}
2019-03-21 09:40:17,418 - INFO -main.py : 330 :__excute_case - 当前用户uid:%s,session:%s
2019-03-21 09:40:17,583 - INFO -main.py : 529 :begin_test - caseId为3的用例完毕
2019-03-21 09:40:17,584 - ERROR -sqls.py : 119 :insert_data - sql语句错误---->INSERT INTO testresult SET  method="GET", caseId=3, caseDescribe="sss", apiHost="/s4/lite.subtask.list", apiParams=Null, expect="{"payload.tasks": "id=(249166,249161,249159)"}", ispass="block", reason="id字段预期的值不在返回结果集中，预期id=['249166', '249161', '249159']，实际id=[249166, 249161, 249158]", time="2019/03/21 09:40:17", fact="{"err_code": 0, "err_msg": "", "messages": [], "payload": {"bonus_task_right": 0, "bonus_tasks": {}, "coupon_number": 0, "credit_task_id": 0, "downloaded_tasks": [], "easy": [], "easy_incoming": [], "eggs_task_status": 0, "explore_task_info": {"date_str": "明天", "icons": [], "total": 0, "total_reward": 0}, "finsh_easy_limit_times": 0, "finsh_task_limit_times": 0, "games": null, "has_success_convert": 0, "in_compare": {"incoming": 0, "newbie": 0, "tasks": 0}, "incoming": [], "is_jail_broken": 0, "is_reservation": 1, "kagou_link": "", "missed_reward": 0, "newbie": [], "promotions": [], "reservation_tasks": [], "shoutu_v5_9_open": 1, "show_borrow": 0, "show_often_look": 0, "show_push": 0, "show_recommends": 0, "tasks": [{"appstore_cost": "0.00", "bid": "com.yunshi.xiekangzonghezhishuiappstore", "icon": "https://upload.qkcdn.com/7f22a07738dfd6350f33835b6d9c904c.jpg", "id": 249166, "is_quality": 0, "qty": 743, "reward": "1.50", "status": 1, "status_for_order": 2, "tags": ["剩743份"], "title": "综***", "type": 1, "zs_reward": "0.00"}, {"appstore_cost": "0.00", "bid": "com.nbglsoft.lwol", "icon": "https://upload.qkcdn.com/b6ddf7e141e83b7b71bb2ea25c691791.jpg", "id": 249161, "is_quality": 0, "qty": 52, "reward": "1.50", "status": 1, "status_for_order": 2, "tags": ["剩52份"], "title": "攻***", "type": 1, "zs_reward": "0.00"}, {"appstore_cost": "0.00", "bid": "com.jot.LingQianXiangJie", "icon": "https://upload.qkcdn.com/10b53d3c3a83ac4c9d0a2552651a11e6.jpg", "id": 249158, "is_quality": 0, "qty": 576, "reward": "1.50", "status": 1, "status_for_order": 2, "tags": ["剩576份"], "title": "灵***", "type": 1, "zs_reward": "0.00"}], "type": "normal", "weishang_url": "", "xing_shoutu_switch": 0, "yl_huan_info": {"miniprogram_type": 1, "path": "/pages/index%3Fqk_uid%3D51230182%26source%3Dqk%26sign%3D2A305A3DC8", "username": "gh_3cf20e1090fe", "wx_app_id": ""}, "zs_task_info": {"date_str": "", "icons": [], "total": 0, "total_reward": 0}}}", databaseResult=Null, databaseExpect=Null,(1064, 'You have an error in your SQL syntax; check the manual that corresponds to your MySQL server version for the right syntax to use near \'payload.tasks": "id=(249166,249161,249159)"}", ispass="block", reason="id字段\' at line 1')
2019-03-21 09:40:17,585 - INFO -main.py : 470 :after_test - 本次测试执行完毕，本次测试环境为：fp01，共耗时0.32秒，共执行用例：0条，成功：0条，失败：0条，阻塞：0条
2019-03-21 09:40:17,586 - INFO -report.py : 152 :get_report - 正在写入用例执行情况
2019-03-21 09:40:59,294 - INFO -parse_excel.py : 23 :__init__ - 用例路径：E:\project\newapi\cases\case_examlpe.xlsx
2019-03-21 09:40:59,449 - INFO -main.py : 80 :bind_key - 绑定钥匙成功
2019-03-21 09:40:59,449 - INFO -main.py : 416 :before_test - 本次测试共执行1条用例
2019-03-21 09:40:59,462 - INFO -main.py : 496 :begin_test - 正在执行caseId为3的用例
2019-03-21 09:40:59,463 - INFO -main.py : 329 :__excute_case - 当前接口headers信息为{'cookie': 'DIS4=d38a08a07a024378ba640d5124425bdc;ln=1;lu=51230182'}
2019-03-21 09:40:59,463 - INFO -main.py : 330 :__excute_case - 当前用户uid:%s,session:%s
2019-03-21 09:40:59,625 - INFO -main.py : 529 :begin_test - caseId为3的用例完毕
2019-03-21 09:40:59,626 - ERROR -sqls.py : 119 :insert_data - sql语句错误---->INSERT INTO testresult SET  method='GET', caseId=3, caseDescribe='sss', apiHost='/s4/lite.subtask.list', apiParams=Null, expect='{"payload.tasks": "id=(249166,249161,249159)"}', ispass='block', reason='id字段预期的值不在返回结果集中，预期id=['249166', '249161', '249159']，实际id=[249166, 249161, 249158]', time='2019/03/21 09:40:59', fact='{"err_code": 0, "err_msg": "", "messages": [], "payload": {"bonus_task_right": 0, "bonus_tasks": {}, "coupon_number": 0, "credit_task_id": 0, "downloaded_tasks": [], "easy": [], "easy_incoming": [], "eggs_task_status": 0, "explore_task_info": {"date_str": "明天", "icons": [], "total": 0, "total_reward": 0}, "finsh_easy_limit_times": 0, "finsh_task_limit_times": 0, "games": null, "has_success_convert": 0, "in_compare": {"incoming": 0, "newbie": 0, "tasks": 0}, "incoming": [], "is_jail_broken": 0, "is_reservation": 1, "kagou_link": "", "missed_reward": 0, "newbie": [], "promotions": [], "reservation_tasks": [], "shoutu_v5_9_open": 1, "show_borrow": 0, "show_often_look": 0, "show_push": 0, "show_recommends": 0, "tasks": [{"appstore_cost": "0.00", "bid": "com.yunshi.xiekangzonghezhishuiappstore", "icon": "https://upload.qkcdn.com/7f22a07738dfd6350f33835b6d9c904c.jpg", "id": 249166, "is_quality": 0, "qty": 743, "reward": "1.50", "status": 1, "status_for_order": 2, "tags": ["剩743份"], "title": "综***", "type": 1, "zs_reward": "0.00"}, {"appstore_cost": "0.00", "bid": "com.nbglsoft.lwol", "icon": "https://upload.qkcdn.com/b6ddf7e141e83b7b71bb2ea25c691791.jpg", "id": 249161, "is_quality": 0, "qty": 52, "reward": "1.50", "status": 1, "status_for_order": 2, "tags": ["剩52份"], "title": "攻***", "type": 1, "zs_reward": "0.00"}, {"appstore_cost": "0.00", "bid": "com.jot.LingQianXiangJie", "icon": "https://upload.qkcdn.com/10b53d3c3a83ac4c9d0a2552651a11e6.jpg", "id": 249158, "is_quality": 0, "qty": 576, "reward": "1.50", "status": 1, "status_for_order": 2, "tags": ["剩576份"], "title": "灵***", "type": 1, "zs_reward": "0.00"}], "type": "normal", "weishang_url": "", "xing_shoutu_switch": 0, "yl_huan_info": {"miniprogram_type": 1, "path": "/pages/index%3Fqk_uid%3D51230182%26source%3Dqk%26sign%3D2A305A3DC8", "username": "gh_3cf20e1090fe", "wx_app_id": ""}, "zs_task_info": {"date_str": "", "icons": [], "total": 0, "total_reward": 0}}}', databaseResult=Null, databaseExpect=Null,(1064, "You have an error in your SQL syntax; check the manual that corresponds to your MySQL server version for the right syntax to use near '249166', '249161', '249159']，实际id=[249166, 249161, 249158]', time='2019/03' at line 1")
2019-03-21 09:40:59,627 - INFO -main.py : 470 :after_test - 本次测试执行完毕，本次测试环境为：fp01，共耗时0.33秒，共执行用例：0条，成功：0条，失败：0条，阻塞：0条
2019-03-21 09:40:59,630 - INFO -report.py : 152 :get_report - 正在写入用例执行情况
2019-03-21 09:41:57,770 - INFO -parse_excel.py : 23 :__init__ - 用例路径：E:\project\newapi\cases\case_examlpe.xlsx
2019-03-21 09:41:57,920 - INFO -main.py : 80 :bind_key - 绑定钥匙成功
2019-03-21 09:41:57,920 - INFO -main.py : 416 :before_test - 本次测试共执行1条用例
2019-03-21 09:41:57,922 - ERROR -sqls.py : 119 :insert_data - sql语句错误---->INSERT INTO apiinfo SET  apiId=2, apiHost="/s5/dashboard", method="GET", apiParams="{"err_code": "${err_code}"}", apiHeaders=Null, relatedApi="/s5/create_user", relatedParams=Null,(1064, 'You have an error in your SQL syntax; check the manual that corresponds to your MySQL server version for the right syntax to use near \'err_code": "${err_code}"}", apiHeaders=Null, relatedApi="/s5/create_user", relat\' at line 1')
2019-03-21 09:41:57,923 - ERROR -sqls.py : 119 :insert_data - sql语句错误---->INSERT INTO testcase SET  caseId=3, apiId=3, caseDescribe="sss", apiHost="/s4/lite.subtask.list", apiParams=Null, apiHeaders=Null, method="GET", relatedApi=Null, relatedParams=Null, expect="{"payload.tasks": "id=(249166,249161,249159)"}", sqlStatement=Null, databaseExpect=Null,(1064, 'You have an error in your SQL syntax; check the manual that corresponds to your MySQL server version for the right syntax to use near \'payload.tasks": "id=(249166,249161,249159)"}", sqlStatement=Null, databaseExpect\' at line 1')
2019-03-21 09:41:57,924 - INFO -main.py : 496 :begin_test - 正在执行caseId为3的用例
2019-03-21 09:41:57,924 - INFO -main.py : 329 :__excute_case - 当前接口headers信息为{'cookie': 'DIS4=d38a08a07a024378ba640d5124425bdc;ln=1;lu=51230182'}
2019-03-21 09:41:57,924 - INFO -main.py : 330 :__excute_case - 当前用户uid:%s,session:%s
2019-03-21 09:41:58,100 - INFO -main.py : 529 :begin_test - caseId为3的用例完毕
2019-03-21 09:41:58,101 - ERROR -sqls.py : 119 :insert_data - sql语句错误---->INSERT INTO testresult SET  method="GET", caseId=3, caseDescribe="sss", apiHost="/s4/lite.subtask.list", apiParams=Null, expect="{"payload.tasks": "id=(249166,249161,249159)"}", ispass="block", reason="id字段预期的值不在返回结果集中，预期id=['249166', '249161', '249159']，实际id=[249166, 249161, 249158]", time="2019/03/21 09:41:57", fact="{"err_code": 0, "err_msg": "", "messages": [], "payload": {"bonus_task_right": 0, "bonus_tasks": {}, "coupon_number": 0, "credit_task_id": 0, "downloaded_tasks": [], "easy": [], "easy_incoming": [], "eggs_task_status": 0, "explore_task_info": {"date_str": "明天", "icons": [], "total": 0, "total_reward": 0}, "finsh_easy_limit_times": 0, "finsh_task_limit_times": 0, "games": null, "has_success_convert": 0, "in_compare": {"incoming": 0, "newbie": 0, "tasks": 0}, "incoming": [], "is_jail_broken": 0, "is_reservation": 1, "kagou_link": "", "missed_reward": 0, "newbie": [], "promotions": [], "reservation_tasks": [], "shoutu_v5_9_open": 1, "show_borrow": 0, "show_often_look": 0, "show_push": 0, "show_recommends": 0, "tasks": [{"appstore_cost": "0.00", "bid": "com.yunshi.xiekangzonghezhishuiappstore", "icon": "https://upload.qkcdn.com/7f22a07738dfd6350f33835b6d9c904c.jpg", "id": 249166, "is_quality": 0, "qty": 743, "reward": "1.50", "status": 1, "status_for_order": 2, "tags": ["剩743份"], "title": "综***", "type": 1, "zs_reward": "0.00"}, {"appstore_cost": "0.00", "bid": "com.nbglsoft.lwol", "icon": "https://upload.qkcdn.com/b6ddf7e141e83b7b71bb2ea25c691791.jpg", "id": 249161, "is_quality": 0, "qty": 52, "reward": "1.50", "status": 1, "status_for_order": 2, "tags": ["剩52份"], "title": "攻***", "type": 1, "zs_reward": "0.00"}, {"appstore_cost": "0.00", "bid": "com.jot.LingQianXiangJie", "icon": "https://upload.qkcdn.com/10b53d3c3a83ac4c9d0a2552651a11e6.jpg", "id": 249158, "is_quality": 0, "qty": 576, "reward": "1.50", "status": 1, "status_for_order": 2, "tags": ["剩576份"], "title": "灵***", "type": 1, "zs_reward": "0.00"}], "type": "normal", "weishang_url": "", "xing_shoutu_switch": 0, "yl_huan_info": {"miniprogram_type": 1, "path": "/pages/index%3Fqk_uid%3D51230182%26source%3Dqk%26sign%3D2A305A3DC8", "username": "gh_3cf20e1090fe", "wx_app_id": ""}, "zs_task_info": {"date_str": "", "icons": [], "total": 0, "total_reward": 0}}}", databaseResult=Null, databaseExpect=Null,(1064, 'You have an error in your SQL syntax; check the manual that corresponds to your MySQL server version for the right syntax to use near \'payload.tasks": "id=(249166,249161,249159)"}", ispass="block", reason="id字段\' at line 1')
2019-03-21 09:41:58,101 - INFO -main.py : 470 :after_test - 本次测试执行完毕，本次测试环境为：fp01，共耗时0.33秒，共执行用例：0条，成功：0条，失败：0条，阻塞：0条
2019-03-21 09:41:58,102 - INFO -report.py : 152 :get_report - 正在写入用例执行情况
2019-03-21 09:42:48,082 - INFO -parse_excel.py : 23 :__init__ - 用例路径：E:\project\newapi\cases\case_examlpe.xlsx
2019-03-21 09:42:48,240 - INFO -main.py : 80 :bind_key - 绑定钥匙成功
2019-03-21 09:42:48,240 - INFO -main.py : 416 :before_test - 本次测试共执行1条用例
2019-03-21 09:42:48,248 - INFO -main.py : 496 :begin_test - 正在执行caseId为3的用例
2019-03-21 09:42:48,248 - INFO -main.py : 329 :__excute_case - 当前接口headers信息为{'cookie': 'DIS4=d38a08a07a024378ba640d5124425bdc;ln=1;lu=51230182'}
2019-03-21 09:42:48,248 - INFO -main.py : 330 :__excute_case - 当前用户uid:%s,session:%s
2019-03-21 09:42:48,427 - INFO -main.py : 529 :begin_test - caseId为3的用例完毕
2019-03-21 09:42:48,432 - INFO -main.py : 470 :after_test - 本次测试执行完毕，本次测试环境为：fp01，共耗时0.34秒，共执行用例：1条，成功：0条，失败：0条，阻塞：1条
2019-03-21 09:42:48,436 - INFO -report.py : 152 :get_report - 正在写入用例执行情况
2019-03-21 09:43:58,516 - INFO -parse_excel.py : 23 :__init__ - 用例路径：E:\project\newapi\cases\case_examlpe.xlsx
2019-03-21 09:43:58,661 - INFO -main.py : 80 :bind_key - 绑定钥匙成功
2019-03-21 09:43:58,662 - INFO -main.py : 416 :before_test - 本次测试共执行1条用例
2019-03-21 09:43:58,669 - INFO -main.py : 496 :begin_test - 正在执行caseId为3的用例
2019-03-21 09:43:58,670 - INFO -main.py : 329 :__excute_case - 当前接口headers信息为{'cookie': 'DIS4=d38a08a07a024378ba640d5124425bdc;ln=1;lu=51230182'}
2019-03-21 09:43:58,670 - INFO -main.py : 330 :__excute_case - 当前用户uid:%s,session:%s
2019-03-21 09:43:58,899 - INFO -main.py : 529 :begin_test - caseId为3的用例完毕
2019-03-21 09:43:58,903 - INFO -main.py : 470 :after_test - 本次测试执行完毕，本次测试环境为：fp01，共耗时0.38秒，共执行用例：1条，成功：0条，失败：0条，阻塞：1条
2019-03-21 09:43:58,907 - INFO -report.py : 152 :get_report - 正在写入用例执行情况
2019-03-21 09:45:31,548 - INFO -parse_excel.py : 23 :__init__ - 用例路径：E:\project\newapi\cases\case_examlpe.xlsx
2019-03-21 09:45:31,701 - INFO -main.py : 80 :bind_key - 绑定钥匙成功
2019-03-21 09:45:31,702 - INFO -main.py : 416 :before_test - 本次测试共执行1条用例
2019-03-21 09:45:31,709 - INFO -main.py : 496 :begin_test - 正在执行caseId为3的用例
2019-03-21 09:45:31,709 - INFO -main.py : 329 :__excute_case - 当前接口headers信息为{'cookie': 'DIS4=d38a08a07a024378ba640d5124425bdc;ln=1;lu=51230182'}
2019-03-21 09:45:31,710 - INFO -main.py : 330 :__excute_case - 当前用户uid:%s,session:%s
2019-03-21 09:45:31,876 - INFO -main.py : 529 :begin_test - caseId为3的用例完毕
2019-03-21 09:45:31,879 - INFO -main.py : 470 :after_test - 本次测试执行完毕，本次测试环境为：fp01，共耗时0.33秒，共执行用例：1条，成功：0条，失败：0条，阻塞：1条
2019-03-21 09:45:31,880 - INFO -report.py : 152 :get_report - 正在写入用例执行情况
2019-03-21 09:49:31,396 - INFO -parse_excel.py : 23 :__init__ - 用例路径：E:\project\newapi\cases\case_examlpe.xlsx
2019-03-21 09:49:31,531 - INFO -main.py : 82 :bind_key - 绑定钥匙成功
2019-03-21 09:49:31,531 - INFO -main.py : 420 :before_test - 本次测试共执行1条用例
2019-03-21 09:49:31,536 - INFO -main.py : 500 :begin_test - 正在执行caseId为3的用例
2019-03-21 09:49:31,537 - INFO -main.py : 333 :__excute_case - 当前接口headers信息为{'cookie': 'DIS4=d38a08a07a024378ba640d5124425bdc;ln=1;lu=51230182'}
2019-03-21 09:49:31,537 - INFO -main.py : 334 :__excute_case - 当前用户uid:%s,session:%s
2019-03-21 09:49:31,745 - INFO -main.py : 533 :begin_test - caseId为3的用例完毕
2019-03-21 09:49:31,750 - INFO -main.py : 474 :after_test - 本次测试执行完毕，本次测试环境为：fp01，共耗时0.35秒，共执行用例：1条，成功：1条，失败：0条，阻塞：0条
2019-03-21 09:49:31,755 - INFO -report.py : 152 :get_report - 正在写入用例执行情况
2019-03-21 09:49:45,065 - INFO -parse_excel.py : 23 :__init__ - 用例路径：E:\project\newapi\cases\case_examlpe.xlsx
2019-03-21 09:49:45,303 - INFO -main.py : 82 :bind_key - 绑定钥匙成功
2019-03-21 09:49:45,304 - INFO -main.py : 420 :before_test - 本次测试共执行1条用例
2019-03-21 09:49:45,313 - INFO -main.py : 500 :begin_test - 正在执行caseId为3的用例
2019-03-21 09:49:45,314 - INFO -main.py : 333 :__excute_case - 当前接口headers信息为{'cookie': 'DIS4=d38a08a07a024378ba640d5124425bdc;ln=1;lu=51230182'}
2019-03-21 09:49:45,314 - INFO -main.py : 334 :__excute_case - 当前用户uid:%s,session:%s
2019-03-21 09:49:45,562 - INFO -main.py : 533 :begin_test - caseId为3的用例完毕
2019-03-21 09:49:45,568 - INFO -main.py : 474 :after_test - 本次测试执行完毕，本次测试环境为：fp01，共耗时0.5秒，共执行用例：1条，成功：0条，失败：1条，阻塞：0条
2019-03-21 09:49:45,572 - INFO -report.py : 152 :get_report - 正在写入用例执行情况
2019-03-21 09:50:27,970 - INFO -parse_excel.py : 23 :__init__ - 用例路径：E:\project\newapi\cases\case_examlpe.xlsx
2019-03-21 09:50:28,095 - INFO -main.py : 82 :bind_key - 绑定钥匙成功
2019-03-21 09:50:28,095 - INFO -main.py : 420 :before_test - 本次测试共执行1条用例
2019-03-21 09:50:28,105 - INFO -main.py : 500 :begin_test - 正在执行caseId为3的用例
2019-03-21 09:50:28,105 - INFO -main.py : 333 :__excute_case - 当前接口headers信息为{'cookie': 'DIS4=d38a08a07a024378ba640d5124425bdc;ln=1;lu=51230182'}
2019-03-21 09:50:28,106 - INFO -main.py : 334 :__excute_case - 当前用户uid:%s,session:%s
2019-03-21 09:50:28,294 - INFO -main.py : 533 :begin_test - caseId为3的用例完毕
2019-03-21 09:50:28,297 - INFO -main.py : 474 :after_test - 本次测试执行完毕，本次测试环境为：fp01，共耗时0.32秒，共执行用例：1条，成功：0条，失败：1条，阻塞：0条
2019-03-21 09:50:28,300 - INFO -report.py : 152 :get_report - 正在写入用例执行情况
2019-03-21 09:50:42,230 - INFO -parse_excel.py : 23 :__init__ - 用例路径：E:\project\newapi\cases\case_examlpe.xlsx
2019-03-21 09:50:42,402 - INFO -main.py : 82 :bind_key - 绑定钥匙成功
2019-03-21 09:50:42,402 - INFO -main.py : 420 :before_test - 本次测试共执行1条用例
2019-03-21 09:50:42,410 - INFO -main.py : 500 :begin_test - 正在执行caseId为3的用例
2019-03-21 09:50:42,411 - INFO -main.py : 333 :__excute_case - 当前接口headers信息为{'cookie': 'DIS4=d38a08a07a024378ba640d5124425bdc;ln=1;lu=51230182'}
2019-03-21 09:50:42,411 - INFO -main.py : 334 :__excute_case - 当前用户uid:%s,session:%s
2019-03-21 09:50:42,611 - INFO -main.py : 533 :begin_test - caseId为3的用例完毕
2019-03-21 09:50:42,613 - INFO -main.py : 474 :after_test - 本次测试执行完毕，本次测试环境为：fp01，共耗时0.38秒，共执行用例：1条，成功：1条，失败：0条，阻塞：0条
2019-03-21 09:50:42,614 - INFO -report.py : 152 :get_report - 正在写入用例执行情况
2019-03-21 09:50:50,967 - INFO -parse_excel.py : 23 :__init__ - 用例路径：E:\project\newapi\cases\case_examlpe.xlsx
2019-03-21 09:50:51,157 - INFO -main.py : 82 :bind_key - 绑定钥匙成功
2019-03-21 09:50:51,157 - INFO -main.py : 420 :before_test - 本次测试共执行1条用例
2019-03-21 09:50:51,161 - INFO -main.py : 500 :begin_test - 正在执行caseId为3的用例
2019-03-21 09:50:51,161 - INFO -main.py : 333 :__excute_case - 当前接口headers信息为{'cookie': 'DIS4=d38a08a07a024378ba640d5124425bdc;ln=1;lu=51230182'}
2019-03-21 09:50:51,161 - INFO -main.py : 334 :__excute_case - 当前用户uid:%s,session:%s
2019-03-21 09:50:51,382 - INFO -main.py : 533 :begin_test - caseId为3的用例完毕
2019-03-21 09:50:51,389 - INFO -main.py : 474 :after_test - 本次测试执行完毕，本次测试环境为：fp01，共耗时0.42秒，共执行用例：1条，成功：0条，失败：1条，阻塞：0条
2019-03-21 09:50:51,394 - INFO -report.py : 152 :get_report - 正在写入用例执行情况
2019-03-21 09:51:17,091 - INFO -parse_excel.py : 23 :__init__ - 用例路径：E:\project\newapi\cases\case_examlpe.xlsx
2019-03-21 09:51:17,242 - INFO -main.py : 82 :bind_key - 绑定钥匙成功
2019-03-21 09:51:17,242 - INFO -main.py : 420 :before_test - 本次测试共执行1条用例
2019-03-21 09:51:17,250 - INFO -main.py : 500 :begin_test - 正在执行caseId为3的用例
2019-03-21 09:51:17,251 - INFO -main.py : 333 :__excute_case - 当前接口headers信息为{'cookie': 'DIS4=d38a08a07a024378ba640d5124425bdc;ln=1;lu=51230182'}
2019-03-21 09:51:17,251 - INFO -main.py : 334 :__excute_case - 当前用户uid:%s,session:%s
2019-03-21 09:51:17,453 - INFO -main.py : 533 :begin_test - caseId为3的用例完毕
2019-03-21 09:51:17,458 - INFO -main.py : 474 :after_test - 本次测试执行完毕，本次测试环境为：fp01，共耗时0.36秒，共执行用例：1条，成功：1条，失败：0条，阻塞：0条
2019-03-21 09:51:17,462 - INFO -report.py : 152 :get_report - 正在写入用例执行情况
2019-03-21 09:54:39,648 - INFO -parse_excel.py : 23 :__init__ - 用例路径：E:\project\newapi\cases\case_examlpe.xlsx
2019-03-21 09:54:39,807 - INFO -main.py : 82 :bind_key - 绑定钥匙成功
2019-03-21 09:54:39,807 - INFO -main.py : 420 :before_test - 本次测试共执行1条用例
2019-03-21 09:54:39,810 - INFO -main.py : 500 :begin_test - 正在执行caseId为3的用例
2019-03-21 09:54:39,811 - INFO -main.py : 333 :__excute_case - 当前接口headers信息为{'cookie': 'DIS4=d38a08a07a024378ba640d5124425bdc;ln=1;lu=51230182'}
2019-03-21 09:54:39,811 - INFO -main.py : 334 :__excute_case - 当前用户uid:%s,session:%s
2019-03-21 09:54:40,071 - INFO -main.py : 533 :begin_test - caseId为3的用例完毕
2019-03-21 09:54:40,077 - INFO -main.py : 474 :after_test - 本次测试执行完毕，本次测试环境为：fp01，共耗时0.42秒，共执行用例：1条，成功：1条，失败：0条，阻塞：0条
2019-03-21 09:54:40,081 - INFO -report.py : 152 :get_report - 正在写入用例执行情况
