2019-03-15 10:20:21,805 - INFO -test.py : 9 :<module> - hhh
2019-03-15 10:26:34,647 - INFO -test.py : 9 :<module> - ss
2019-03-15 10:29:22,221 - INFO -test.py : 8 :<module> - ssss
2019-03-15 10:37:36,263 - ERROR -parse_excel.py : 21 :__init__ - 请检查E:\project
ewapi\cases\case_subtask.xlsx路径是否正确
2019-03-15 10:37:48,853 - INFO -parse_excel.py : 17 :__init__ - 用例路径：E:\project\newapi\cases\case_subtask.xlsx
2019-03-15 11:19:29,061 - INFO -parse_excel.py : 23 :__init__ - 用例路径：E:\project\newapi\cases\case_subtask.xlsx
2019-03-15 11:20:03,958 - INFO -parse_excel.py : 23 :__init__ - 用例路径：E:\project\newapi\cases\case_subtask.xlsx
2019-03-15 11:20:49,697 - INFO -parse_excel.py : 23 :__init__ - 用例路径：E:\project\newapi\cases\case_subtask.xlsx
2019-03-15 11:21:03,934 - INFO -parse_excel.py : 23 :__init__ - 用例路径：E:\project\newapi\cases\case_subtask.xlsx
2019-03-15 11:21:57,238 - INFO -parse_excel.py : 23 :__init__ - 用例路径：E:\project\newapi\cases\case_subtask.xlsx
2019-03-15 11:22:13,612 - INFO -parse_excel.py : 23 :__init__ - 用例路径：E:\project\newapi\cases\case_subtask.xlsx
2019-03-15 11:22:33,062 - INFO -parse_excel.py : 23 :__init__ - 用例路径：E:\project\newapi\cases\case_subtask.xlsx
2019-03-15 11:23:36,637 - INFO -parse_excel.py : 23 :__init__ - 用例路径：E:\project\newapi\cases\case_subtask.xlsx
2019-03-15 11:24:59,964 - INFO -parse_excel.py : 23 :__init__ - 用例路径：E:\project\newapi\cases\case_subtask.xlsx
2019-03-15 11:25:14,459 - INFO -parse_excel.py : 23 :__init__ - 用例路径：E:\project\newapi\cases\case_subtask.xlsx
2019-03-15 11:31:00,783 - INFO -handle_case.py : 37 :get_case_path - ~$case_subtask.xlsx不符合规则
2019-03-15 11:31:00,792 - INFO -parse_excel.py : 23 :__init__ - 用例路径：E:\project\newapi\cases\case_subtask.xlsx
2019-03-15 11:32:27,599 - INFO -parse_excel.py : 23 :__init__ - 用例路径：E:\project\newapi\cases\case_subtask.xlsx
2019-03-15 11:34:57,752 - INFO -parse_excel.py : 23 :__init__ - 用例路径：E:\project\newapi\cases\case_subtask.xlsx
2019-03-15 11:35:22,209 - INFO -parse_excel.py : 23 :__init__ - 用例路径：E:\project\newapi\cases\case_subtask.xlsx
2019-03-15 11:35:22,212 - INFO -parse_excel.py : 23 :__init__ - 用例路径：E:\project\newapi\cases\case_user.xlsx
2019-03-15 11:37:24,925 - INFO -parse_excel.py : 23 :__init__ - 用例路径：E:\project\newapi\cases\case_subtask.xlsx
2019-03-15 11:37:52,877 - INFO -parse_excel.py : 23 :__init__ - 用例路径：E:\project\newapi\cases\case_subtask.xlsx
2019-03-15 11:39:02,940 - INFO -parse_excel.py : 23 :__init__ - 用例路径：E:\project\newapi\cases\case_subtask.xlsx
2019-03-15 11:39:49,512 - INFO -parse_excel.py : 23 :__init__ - 用例路径：E:\project\newapi\cases\case_subtask.xlsx
2019-03-15 11:49:41,376 - INFO -parse_excel.py : 23 :__init__ - 用例路径：E:\project\newapi\cases\case_subtask.xlsx
2019-03-15 11:49:59,178 - INFO -parse_excel.py : 23 :__init__ - 用例路径：E:\project\newapi\cases\case_subtask.xlsx
2019-03-15 11:50:08,807 - INFO -parse_excel.py : 23 :__init__ - 用例路径：E:\project\newapi\cases\case_subtask.xlsx
2019-03-15 11:50:25,198 - INFO -parse_excel.py : 23 :__init__ - 用例路径：E:\project\newapi\cases\case_subtask.xlsx
2019-03-15 11:50:52,569 - INFO -parse_excel.py : 23 :__init__ - 用例路径：E:\project\newapi\cases\case_subtask.xlsx
2019-03-15 11:50:59,046 - INFO -parse_excel.py : 23 :__init__ - 用例路径：E:\project\newapi\cases\case_subtask.xlsx
2019-03-15 11:51:17,459 - INFO -parse_excel.py : 23 :__init__ - 用例路径：E:\project\newapi\cases\case_subtask.xlsx
2019-03-15 11:51:52,872 - INFO -parse_excel.py : 23 :__init__ - 用例路径：E:\project\newapi\cases\case_subtask.xlsx
2019-03-15 11:52:07,178 - INFO -parse_excel.py : 23 :__init__ - 用例路径：E:\project\newapi\cases\case_subtask.xlsx
2019-03-15 11:52:46,219 - INFO -parse_excel.py : 23 :__init__ - 用例路径：E:\project\newapi\cases\case_subtask.xlsx
2019-03-15 11:54:06,583 - INFO -parse_excel.py : 23 :__init__ - 用例路径：E:\project\newapi\cases\case_subtask.xlsx
2019-03-15 11:54:50,166 - INFO -parse_excel.py : 23 :__init__ - 用例路径：E:\project\newapi\cases\case_subtask.xlsx
2019-03-15 11:55:03,005 - INFO -parse_excel.py : 23 :__init__ - 用例路径：E:\project\newapi\cases\case_subtask.xlsx
2019-03-15 11:56:09,888 - INFO -parse_excel.py : 23 :__init__ - 用例路径：E:\project\newapi\cases\case_subtask.xlsx
2019-03-15 11:56:48,039 - INFO -parse_excel.py : 23 :__init__ - 用例路径：E:\project\newapi\cases\case_subtask.xlsx
2019-03-15 11:57:48,293 - INFO -parse_excel.py : 23 :__init__ - 用例路径：E:\project\newapi\cases\case_subtask.xlsx
2019-03-15 11:58:29,279 - INFO -parse_excel.py : 23 :__init__ - 用例路径：E:\project\newapi\cases\case_subtask.xlsx
2019-03-15 12:38:37,646 - INFO -parse_excel.py : 23 :__init__ - 用例路径：E:\project\newapi\cases\case_subtask.xlsx
2019-03-15 12:38:47,332 - INFO -parse_excel.py : 23 :__init__ - 用例路径：E:\project\newapi\cases\case_subtask.xlsx
2019-03-15 12:39:22,445 - INFO -parse_excel.py : 23 :__init__ - 用例路径：E:\project\newapi\cases\case_subtask.xlsx
2019-03-15 12:39:22,445 - INFO -handle_case.py : 179 :get_cases - 关联api解析错误
2019-03-15 12:39:27,629 - INFO -parse_excel.py : 23 :__init__ - 用例路径：E:\project\newapi\cases\case_subtask.xlsx
2019-03-15 12:39:27,629 - INFO -handle_case.py : 180 :get_cases - 关联api解析错误
2019-03-15 12:39:49,781 - INFO -parse_excel.py : 23 :__init__ - 用例路径：E:\project\newapi\cases\case_subtask.xlsx
2019-03-15 12:39:49,781 - INFO -handle_case.py : 179 :get_cases - 关联api解析错误
2019-03-15 12:40:07,450 - INFO -parse_excel.py : 23 :__init__ - 用例路径：E:\project\newapi\cases\case_subtask.xlsx
2019-03-15 12:40:07,450 - INFO -handle_case.py : 179 :get_cases - 关联api解析错误
2019-03-15 12:40:39,278 - INFO -parse_excel.py : 23 :__init__ - 用例路径：E:\project\newapi\cases\case_subtask.xlsx
2019-03-15 12:40:39,278 - INFO -handle_case.py : 179 :get_cases - 关联api解析错误
2019-03-15 12:40:57,549 - INFO -parse_excel.py : 23 :__init__ - 用例路径：E:\project\newapi\cases\case_subtask.xlsx
2019-03-15 12:40:57,549 - INFO -handle_case.py : 180 :get_cases - 关联api解析错误
2019-03-15 12:41:47,750 - INFO -parse_excel.py : 23 :__init__ - 用例路径：E:\project\newapi\cases\case_subtask.xlsx
2019-03-15 12:42:26,331 - INFO -parse_excel.py : 23 :__init__ - 用例路径：E:\project\newapi\cases\case_subtask.xlsx
2019-03-15 12:42:33,536 - INFO -parse_excel.py : 23 :__init__ - 用例路径：E:\project\newapi\cases\case_subtask.xlsx
2019-03-15 12:43:29,730 - INFO -parse_excel.py : 23 :__init__ - 用例路径：E:\project\newapi\cases\case_subtask.xlsx
2019-03-15 12:44:41,842 - INFO -parse_excel.py : 23 :__init__ - 用例路径：E:\project\newapi\cases\case_subtask.xlsx
2019-03-15 12:45:00,923 - INFO -parse_excel.py : 23 :__init__ - 用例路径：E:\project\newapi\cases\case_subtask.xlsx
2019-03-15 12:45:18,125 - INFO -parse_excel.py : 23 :__init__ - 用例路径：E:\project\newapi\cases\case_subtask.xlsx
2019-03-15 13:43:47,887 - INFO -parse_excel.py : 23 :__init__ - 用例路径：E:\project\newapi\cases\case_subtask.xlsx
2019-03-15 13:44:05,331 - INFO -parse_excel.py : 23 :__init__ - 用例路径：E:\project\newapi\cases\case_subtask.xlsx
2019-03-15 13:45:02,595 - INFO -parse_excel.py : 23 :__init__ - 用例路径：E:\project\newapi\cases\case_subtask.xlsx
2019-03-15 13:45:24,320 - INFO -parse_excel.py : 23 :__init__ - 用例路径：E:\project\newapi\cases\case_subtask.xlsx
2019-03-15 14:04:27,478 - INFO -parse_excel.py : 23 :__init__ - 用例路径：E:\project\newapi\cases\case_subtask.xlsx
2019-03-15 14:04:53,792 - INFO -parse_excel.py : 23 :__init__ - 用例路径：E:\project\newapi\cases\case_subtask.xlsx
2019-03-15 14:05:10,392 - INFO -parse_excel.py : 23 :__init__ - 用例路径：E:\project\newapi\cases\case_subtask.xlsx
2019-03-15 14:07:04,368 - INFO -parse_excel.py : 23 :__init__ - 用例路径：E:\project\newapi\cases\case_subtask.xlsx
2019-03-15 14:11:13,998 - INFO -parse_excel.py : 23 :__init__ - 用例路径：E:\project\newapi\cases\case_subtask.xlsx
2019-03-15 14:11:35,625 - INFO -parse_excel.py : 23 :__init__ - 用例路径：E:\project\newapi\cases\case_subtask.xlsx
2019-03-15 14:11:50,911 - INFO -parse_excel.py : 23 :__init__ - 用例路径：E:\project\newapi\cases\case_subtask.xlsx
2019-03-15 14:12:06,659 - INFO -parse_excel.py : 23 :__init__ - 用例路径：E:\project\newapi\cases\case_subtask.xlsx
2019-03-15 14:12:52,223 - INFO -parse_excel.py : 23 :__init__ - 用例路径：E:\project\newapi\cases\case_subtask.xlsx
2019-03-15 14:13:28,786 - INFO -parse_excel.py : 23 :__init__ - 用例路径：E:\project\newapi\cases\case_subtask.xlsx
2019-03-15 14:13:55,329 - INFO -parse_excel.py : 23 :__init__ - 用例路径：E:\project\newapi\cases\case_subtask.xlsx
2019-03-15 14:29:14,896 - INFO -parse_excel.py : 23 :__init__ - 用例路径：E:\project\newapi\cases\case_subtask.xlsx
2019-03-15 14:30:06,510 - INFO -parse_excel.py : 23 :__init__ - 用例路径：E:\project\newapi\cases\case_subtask.xlsx
2019-03-15 14:31:21,463 - INFO -parse_excel.py : 23 :__init__ - 用例路径：E:\project\newapi\cases\case_subtask.xlsx
2019-03-15 14:34:33,733 - INFO -parse_excel.py : 23 :__init__ - 用例路径：E:\project\newapi\cases\case_subtask.xlsx
2019-03-15 14:35:16,349 - INFO -parse_excel.py : 23 :__init__ - 用例路径：E:\project\newapi\cases\case_subtask.xlsx
2019-03-15 14:35:39,640 - INFO -parse_excel.py : 23 :__init__ - 用例路径：E:\project\newapi\cases\case_subtask.xlsx
2019-03-15 14:36:01,317 - INFO -parse_excel.py : 23 :__init__ - 用例路径：E:\project\newapi\cases\case_subtask.xlsx
2019-03-15 14:40:27,392 - INFO -parse_excel.py : 23 :__init__ - 用例路径：E:\project\newapi\cases\case_subtask.xlsx
2019-03-15 14:43:54,378 - INFO -parse_excel.py : 23 :__init__ - 用例路径：E:\project\newapi\cases\case_subtask.xlsx
2019-03-15 14:44:18,005 - INFO -parse_excel.py : 23 :__init__ - 用例路径：E:\project\newapi\cases\case_subtask.xlsx
2019-03-15 14:47:01,119 - INFO -parse_excel.py : 23 :__init__ - 用例路径：E:\project\newapi\cases\case_subtask.xlsx
2019-03-15 14:51:27,489 - INFO -parse_excel.py : 23 :__init__ - 用例路径：E:\project\newapi\cases\case_subtask.xlsx
2019-03-15 14:53:11,853 - INFO -parse_excel.py : 23 :__init__ - 用例路径：E:\project\newapi\cases\case_subtask.xlsx
2019-03-15 14:53:59,977 - INFO -parse_excel.py : 23 :__init__ - 用例路径：E:\project\newapi\cases\case_subtask.xlsx
2019-03-15 14:54:57,647 - INFO -parse_excel.py : 23 :__init__ - 用例路径：E:\project\newapi\cases\case_subtask.xlsx
2019-03-15 14:56:14,242 - INFO -parse_excel.py : 23 :__init__ - 用例路径：E:\project\newapi\cases\case_subtask.xlsx
2019-03-15 14:56:19,387 - INFO -parse_excel.py : 23 :__init__ - 用例路径：E:\project\newapi\cases\case_subtask.xlsx
2019-03-15 15:01:03,872 - INFO -parse_excel.py : 23 :__init__ - 用例路径：E:\project\newapi\cases\case_subtask.xlsx
2019-03-15 15:02:07,799 - INFO -parse_excel.py : 23 :__init__ - 用例路径：E:\project\newapi\cases\case_subtask.xlsx
2019-03-15 15:02:18,375 - INFO -parse_excel.py : 23 :__init__ - 用例路径：E:\project\newapi\cases\case_subtask.xlsx
2019-03-15 15:09:04,813 - INFO -parse_excel.py : 23 :__init__ - 用例路径：E:\project\newapi\cases\case_subtask.xlsx
2019-03-15 16:06:12,527 - INFO -send_email.py : 72 :send_email_for_all - 邮件发送成功。。
2019-03-15 16:07:55,855 - INFO -send_email.py : 73 :send_email_for_all - 邮件发送成功。。
2019-03-15 16:10:31,155 - INFO -send_email.py : 77 :send_email_for_all - C:\Demo.java 文件类型错误
2019-03-15 16:10:31,155 - ERROR -send_email.py : 78 :send_email_for_all - 邮件发送失败。。
2019-03-15 16:10:50,797 - INFO -send_email.py : 77 :send_email_for_all - [Errno 2] No such file or directory: 'C:\\d.html'
2019-03-15 16:10:50,797 - ERROR -send_email.py : 78 :send_email_for_all - 邮件发送失败。。
2019-03-15 16:11:17,357 - INFO -send_email.py : 75 :send_email_for_all - 邮件发送成功。。
2019-03-15 16:33:52,919 - INFO -report.py : 151 :get_report - 正在写入用例执行情况
2019-03-15 16:53:21,194 - INFO -report.py : 150 :get_report - 正在写入用例执行情况
2019-03-15 16:59:50,011 - INFO -parse_excel.py : 23 :__init__ - 用例路径：E:\project\newapi\cases\case_subtask.xlsx
2019-03-15 17:03:01,865 - INFO -parse_excel.py : 23 :__init__ - 用例路径：E:\project\newapi\cases\case_subtask.xlsx
2019-03-15 17:03:54,652 - INFO -parse_excel.py : 23 :__init__ - 用例路径：E:\project\newapi\cases\case_subtask.xlsx
2019-03-15 17:03:54,655 - INFO -parse_excel.py : 23 :__init__ - 用例路径：E:\project\newapi\cases\case_user.xlsx
2019-03-15 17:04:07,914 - INFO -parse_excel.py : 23 :__init__ - 用例路径：E:\project\newapi\cases\case_subtask.xlsx
2019-03-15 17:04:07,917 - INFO -parse_excel.py : 23 :__init__ - 用例路径：E:\project\newapi\cases\case_user.xlsx
2019-03-15 17:04:07,921 - INFO -parse_excel.py : 23 :__init__ - 用例路径：E:\project\newapi\cases\case_subtask.xlsx
2019-03-15 17:04:07,924 - INFO -parse_excel.py : 23 :__init__ - 用例路径：E:\project\newapi\cases\case_user.xlsx
2019-03-15 17:13:00,262 - INFO -parse_excel.py : 23 :__init__ - 用例路径：E:\project\newapi\cases\case_subtask.xlsx
2019-03-15 17:13:00,265 - INFO -parse_excel.py : 23 :__init__ - 用例路径：E:\project\newapi\cases\case_user.xlsx
2019-03-15 17:13:31,962 - INFO -parse_excel.py : 23 :__init__ - 用例路径：E:\project\newapi\cases\case_subtask.xlsx
2019-03-15 17:13:31,966 - INFO -parse_excel.py : 23 :__init__ - 用例路径：E:\project\newapi\cases\case_user.xlsx
